Build started 2013/6/23 13:50:26.
     1>Project "D:\openframeworks\of_v0.7.4_vs2010_release\addons\ofxOpenNI\openNI-demoAllFeatures\openNISample007.vcxproj" on node 3 (build target(s)).
     1>InitializeBuildStatus:
         Creating "obj\Release\openNISample007.unsuccessfulbuild" because "AlwaysCreate" was specified.
       ClCompile:
         D:\Program Files (x86)\Microsoft Visual Studio 10.0\VC\bin\CL.exe /c /I..\..\..\libs\openFrameworks /I..\..\..\libs\openFrameworks\graphics /I..\..\..\libs\openFrameworks\app /I..\..\..\libs\openFrameworks\sound /I..\..\..\libs\openFrameworks\utils /I..\..\..\libs\openFrameworks\communication /I..\..\..\libs\openFrameworks\video /I..\..\..\libs\openFrameworks\math /I..\..\..\libs\openFrameworks\types /I..\..\..\libs\openFrameworks\events /I..\..\..\libs\glut\include /I..\..\..\libs\rtAudio\include /I..\..\..\libs\quicktime\include /I..\..\..\libs\cairo\include\cairo /I..\..\..\libs\freetype\include /I..\..\..\libs\freetype\include\freetype2 /I..\..\..\libs\freeImage\include /I..\..\..\libs\fmodex\include /I..\..\..\libs\videoInput\include /I..\..\..\libs\glew\include\ /I..\..\..\libs\glu\include /I..\..\..\libs\poco\include /I..\..\..\addons /I..\..\..\libs\openFrameworks\gl /I..\..\..\libs\openFrameworks\3d /I..\..\..\libs\tess2\include /I..\..\..\addons\ofxOpenNI\src /I..\..\..\addons\ofxOpenNI\include\openni /I..\..\..\addons\ofxOpenNI\include\nite /nologo /W3 /WX- /O2 /Oy- /D WIN32 /D NDEBUG /D _CONSOLE /D POCO_STATIC /D CAIRO_WIN32_STATIC_BUILD /D DISABLE_SOME_FLOATING_POINT /D _UNICODE /D UNICODE /Gm- /EHsc /MD /GS /fp:precise /Zc:wchar_t /Zc:forScope /Fo"obj\Release\\" /Fd"obj\Release\vc100.pdb" /Gd /TP /analyze- /errorReport:prompt ..\..\..\addons\ofxOpenNI\src\ofxDepthGenerator.cpp ..\..\..\addons\ofxOpenNI\src\ofxGestureGenerator.cpp ..\..\..\addons\ofxOpenNI\src\ofxHandGenerator.cpp ..\..\..\addons\ofxOpenNI\src\ofxHardwareDriver.cpp ..\..\..\addons\ofxOpenNI\src\ofxImageGenerator.cpp ..\..\..\addons\ofxOpenNI\src\ofxIRGenerator.cpp ..\..\..\addons\ofxOpenNI\src\ofxOpenNIContext.cpp ..\..\..\addons\ofxOpenNI\src\ofxOpenNIRecorder.cpp ..\..\..\addons\ofxOpenNI\src\ofxTrackedHand.cpp ..\..\..\addons\ofxOpenNI\src\ofxTrackedUser.cpp ..\..\..\addons\ofxOpenNI\src\ofxUserGenerator.cpp src\main.cpp src\testApp.cpp
         ofxDepthGenerator.cpp
     1>d:\openframeworks\of_v0.7.4_vs2010_release\addons\ofxopenni\src\ofxOpenNIContext.h(33): fatal error C1083: Cannot open include file: 'XnOpenNI.h': No such file or directory
         ofxGestureGenerator.cpp
     1>d:\openframeworks\of_v0.7.4_vs2010_release\addons\ofxopenni\src\ofxOpenNIContext.h(33): fatal error C1083: Cannot open include file: 'XnOpenNI.h': No such file or directory
         ofxHandGenerator.cpp
     1>d:\openframeworks\of_v0.7.4_vs2010_release\addons\ofxopenni\src\ofxOpenNIContext.h(33): fatal error C1083: Cannot open include file: 'XnOpenNI.h': No such file or directory
         ofxHardwareDriver.cpp
         ofxImageGenerator.cpp
     1>d:\openframeworks\of_v0.7.4_vs2010_release\addons\ofxopenni\src\ofxOpenNIContext.h(33): fatal error C1083: Cannot open include file: 'XnOpenNI.h': No such file or directory
         ofxIRGenerator.cpp
     1>d:\openframeworks\of_v0.7.4_vs2010_release\addons\ofxopenni\src\ofxOpenNIContext.h(33): fatal error C1083: Cannot open include file: 'XnOpenNI.h': No such file or directory
         ofxOpenNIContext.cpp
     1>d:\openframeworks\of_v0.7.4_vs2010_release\addons\ofxopenni\src\ofxOpenNIContext.h(33): fatal error C1083: Cannot open include file: 'XnOpenNI.h': No such file or directory
         ofxOpenNIRecorder.cpp
     1>d:\openframeworks\of_v0.7.4_vs2010_release\addons\ofxopenni\src\ofxOpenNIContext.h(33): fatal error C1083: Cannot open include file: 'XnOpenNI.h': No such file or directory
         ofxTrackedHand.cpp
     1>d:\openframeworks\of_v0.7.4_vs2010_release\addons\ofxopenni\src\ofxTrackedHand.h(33): fatal error C1083: Cannot open include file: 'XnOpenNI.h': No such file or directory
         ofxTrackedUser.cpp
     1>d:\openframeworks\of_v0.7.4_vs2010_release\addons\ofxopenni\src\ofxTrackedUser.h(33): fatal error C1083: Cannot open include file: 'XnOpenNI.h': No such file or directory
         ofxUserGenerator.cpp
     1>d:\openframeworks\of_v0.7.4_vs2010_release\addons\ofxopenni\src\ofxOpenNIContext.h(33): fatal error C1083: Cannot open include file: 'XnOpenNI.h': No such file or directory
         main.cpp
     1>d:\openframeworks\of_v0.7.4_vs2010_release\addons\ofxopenni\src\ofxOpenNIContext.h(33): fatal error C1083: Cannot open include file: 'XnOpenNI.h': No such file or directory
         testApp.cpp
     1>d:\openframeworks\of_v0.7.4_vs2010_release\addons\ofxopenni\src\ofxOpenNIContext.h(33): fatal error C1083: Cannot open include file: 'XnOpenNI.h': No such file or directory
         Generating Code...
     1>Done Building Project "D:\openframeworks\of_v0.7.4_vs2010_release\addons\ofxOpenNI\openNI-demoAllFeatures\openNISample007.vcxproj" (build target(s)) -- FAILED.

Build FAILED.

Time Elapsed 00:00:01.46
